<?xml version="1.0" encoding="UTF-8"?>
<!-- Generated by org.testng.reporters.JUnitReportReporter -->
<testsuite hostname="DESKTOP-MLQMN1F" failures="0" tests="1" name="profiles.app.prodTest.Inte" time="0.014" errors="0" timestamp="2024-10-17T00:39:07 IST" skipped="0">
  <testcase classname="profiles.app.prodTest.Inte" name="unitTest" time="0.014"/>
  <system-out/>
</testsuite> <!-- profiles.app.prodTest.Inte -->
